TN:
SF:/home/timothy/Projects/assignments/vault_dragon/app.js
FN:12,send_json_response
FN:26,(anonymous_1)
FN:37,(anonymous_2)
FN:44,(anonymous_3)
FN:51,(anonymous_4)
FNF:5
FNH:0
FNDA:0,send_json_response
FNDA:0,(anonymous_1)
FNDA:0,(anonymous_2)
FNDA:0,(anonymous_3)
FNDA:0,(anonymous_4)
DA:1,0
DA:2,0
DA:3,0
DA:4,0
DA:6,0
DA:7,0
DA:9,0
DA:14,0
DA:16,0
DA:17,0
DA:18,0
DA:20,0
DA:21,0
DA:26,0
DA:27,0
DA:28,0
DA:29,0
DA:30,0
DA:32,0
DA:33,0
DA:37,0
DA:38,0
DA:39,0
DA:40,0
DA:44,0
DA:45,0
DA:46,0
DA:47,0
DA:51,0
DA:52,0
LF:30
LH:0
BRDA:6,0,0,0
BRDA:6,0,1,0
BRDA:16,1,0,0
BRDA:16,1,1,0
BRDA:29,2,0,0
BRDA:29,2,1,0
BRF:6
BRH:0
end_of_record
TN:
SF:/home/timothy/Projects/assignments/vault_dragon/store.js
FN:13,clone
FN:18,save_inputs_valid
FN:28,save_inputs_invalid
FN:33,get_inputs_valid
FN:43,get_inputs_invalid
FN:49,save
FN:70,read
FN:104,reset
FNF:8
FNH:8
FNDA:16,clone
FNDA:22,save_inputs_valid
FNDA:22,save_inputs_invalid
FNDA:16,get_inputs_valid
FNDA:16,get_inputs_invalid
FNDA:22,save
FNDA:16,read
FNDA:16,reset
DA:1,1
DA:4,1
DA:6,1
DA:8,1
DA:10,1
DA:14,16
DA:20,22
DA:21,16
DA:23,6
DA:29,22
DA:35,16
DA:36,9
DA:38,7
DA:44,16
DA:51,22
DA:52,6
DA:55,16
DA:57,16
DA:58,4
DA:60,12
DA:63,16
DA:64,16
DA:65,16
DA:72,16
DA:73,7
DA:76,9
DA:77,8
DA:79,8
DA:81,4
DA:82,4
DA:85,4
DA:86,1
DA:88,3
DA:89,5
DA:90,2
DA:93,1
DA:94,1
DA:99,1
DA:105,16
DA:110,1
DA:112,1
DA:114,1
DA:116,1
DA:118,1
DA:120,1
LF:45
LH:45
BRDA:20,0,0,16
BRDA:20,0,1,6
BRDA:20,1,0,22
BRDA:20,1,1,17
BRDA:20,1,2,15
BRDA:35,2,0,9
BRDA:35,2,1,7
BRDA:35,3,0,16
BRDA:35,3,1,12
BRDA:35,3,2,7
BRDA:51,4,0,6
BRDA:51,4,1,16
BRDA:57,5,0,4
BRDA:57,5,1,12
BRDA:72,6,0,7
BRDA:72,6,1,9
BRDA:76,7,0,8
BRDA:76,7,1,1
BRDA:79,8,0,4
BRDA:79,8,1,4
BRDA:85,9,0,1
BRDA:85,9,1,3
BRDA:89,10,0,2
BRDA:89,10,1,3
BRDA:93,11,0,1
BRDA:93,11,1,0
BRF:26
BRH:25
end_of_record
